[I 2022-04-20 10:39:08.016 LabApp] JupyterLab extension loaded from C:\anaconda3\lib\site-packages\jupyterlab
[I 2022-04-20 10:39:08.017 LabApp] JupyterLab application directory is C:\anaconda3\share\jupyter\lab
[I 10:39:08.062 NotebookApp] Serving notebooks from local directory: C:\DataScience\Flatiron\Projects\Phase3\chicago_crush_analysis\notebooks
[I 10:39:08.064 NotebookApp] Jupyter Notebook 6.4.5 is running at:
[I 10:39:08.064 NotebookApp] http://localhost:8888/?token=b3ac5e5c81144b3f6dc2b777ce25a7f41048d0f5a77a5447
[I 10:39:08.065 NotebookApp]  or http://127.0.0.1:8888/?token=b3ac5e5c81144b3f6dc2b777ce25a7f41048d0f5a77a5447
[I 10:39:08.065 NotebookApp] Use Control-C to stop this server and shut down all kernels (twice to skip confirmation).
[C 10:39:08.766 NotebookApp] 
    
    To access the notebook, open this file in a browser:
        file:///C:/Users/Dima%20Fisch/AppData/Roaming/jupyter/runtime/nbserver-7916-open.html
    Or copy and paste one of these URLs:
        http://localhost:8888/?token=b3ac5e5c81144b3f6dc2b777ce25a7f41048d0f5a77a5447
     or http://127.0.0.1:8888/?token=b3ac5e5c81144b3f6dc2b777ce25a7f41048d0f5a77a5447
[W 10:40:25.817 NotebookApp] Notebook various_models_tests.ipynb is not trusted
[I 10:40:27.678 NotebookApp] Kernel started: c1fa4223-4082-4028-b67e-6af48bf3bbc9, name: python3
[I 10:40:57.035 NotebookApp] Kernel interrupted: c1fa4223-4082-4028-b67e-6af48bf3bbc9
[I 10:42:27.549 NotebookApp] Saving file at /various_models_tests.ipynb
[W 10:42:27.553 NotebookApp] Notebook various_models_tests.ipynb is not trusted
[I 10:44:27.561 NotebookApp] Saving file at /various_models_tests.ipynb
[W 10:44:27.561 NotebookApp] Notebook various_models_tests.ipynb is not trusted
[I 10:46:27.552 NotebookApp] Saving file at /various_models_tests.ipynb
[W 10:46:27.556 NotebookApp] Notebook various_models_tests.ipynb is not trusted
[I 10:48:27.514 NotebookApp] Saving file at /various_models_tests.ipynb
[W 10:48:27.522 NotebookApp] Notebook various_models_tests.ipynb is not trusted
[I 10:52:27.518 NotebookApp] Saving file at /various_models_tests.ipynb
[W 10:52:27.518 NotebookApp] Notebook various_models_tests.ipynb is not trusted
[I 10:54:27.540 NotebookApp] Saving file at /various_models_tests.ipynb
[W 10:54:27.540 NotebookApp] Notebook various_models_tests.ipynb is not trusted
[I 10:56:27.563 NotebookApp] Saving file at /various_models_tests.ipynb
[W 10:56:27.566 NotebookApp] Notebook various_models_tests.ipynb is not trusted
[I 10:58:27.541 NotebookApp] Saving file at /various_models_tests.ipynb
[W 10:58:27.541 NotebookApp] Notebook various_models_tests.ipynb is not trusted
[I 11:00:27.529 NotebookApp] Saving file at /various_models_tests.ipynb
[W 11:00:27.532 NotebookApp] Notebook various_models_tests.ipynb is not trusted
[I 11:02:27.495 NotebookApp] Saving file at /various_models_tests.ipynb
[W 11:02:27.496 NotebookApp] Notebook various_models_tests.ipynb is not trusted
[I 11:04:27.545 NotebookApp] Saving file at /various_models_tests.ipynb
[W 11:04:27.547 NotebookApp] Notebook various_models_tests.ipynb is not trusted
[I 11:06:27.501 NotebookApp] Saving file at /various_models_tests.ipynb
[W 11:06:27.509 NotebookApp] Notebook various_models_tests.ipynb is not trusted
[I 11:10:27.638 NotebookApp] Saving file at /various_models_tests.ipynb
[W 11:10:27.646 NotebookApp] Notebook various_models_tests.ipynb is not trusted
[I 11:12:27.538 NotebookApp] Saving file at /various_models_tests.ipynb
[W 11:12:27.539 NotebookApp] Notebook various_models_tests.ipynb is not trusted
[I 11:14:27.550 NotebookApp] Saving file at /various_models_tests.ipynb
[W 11:14:27.554 NotebookApp] Notebook various_models_tests.ipynb is not trusted
[I 11:16:27.551 NotebookApp] Saving file at /various_models_tests.ipynb
[W 11:16:27.556 NotebookApp] Notebook various_models_tests.ipynb is not trusted
[I 11:24:27.552 NotebookApp] Saving file at /various_models_tests.ipynb
[W 11:24:27.555 NotebookApp] Notebook various_models_tests.ipynb is not trusted
[I 11:26:27.546 NotebookApp] Saving file at /various_models_tests.ipynb
[W 11:26:27.548 NotebookApp] Notebook various_models_tests.ipynb is not trusted
[I 11:28:27.527 NotebookApp] Saving file at /various_models_tests.ipynb
[W 11:28:27.530 NotebookApp] Notebook various_models_tests.ipynb is not trusted
[I 11:30:27.523 NotebookApp] Saving file at /various_models_tests.ipynb
[W 11:30:27.524 NotebookApp] Notebook various_models_tests.ipynb is not trusted
[I 11:32:27.489 NotebookApp] Saving file at /various_models_tests.ipynb
[W 11:32:27.489 NotebookApp] Notebook various_models_tests.ipynb is not trusted
[I 11:36:27.478 NotebookApp] Saving file at /various_models_tests.ipynb
[W 11:36:27.479 NotebookApp] Notebook various_models_tests.ipynb is not trusted
[I 11:38:27.549 NotebookApp] Saving file at /various_models_tests.ipynb
[W 11:38:27.550 NotebookApp] Notebook various_models_tests.ipynb is not trusted
[I 11:40:27.534 NotebookApp] Saving file at /various_models_tests.ipynb
[W 11:40:27.534 NotebookApp] Notebook various_models_tests.ipynb is not trusted
[I 11:44:27.533 NotebookApp] Saving file at /various_models_tests.ipynb
[W 11:44:27.538 NotebookApp] Notebook various_models_tests.ipynb is not trusted
[I 11:46:28.190 NotebookApp] Saving file at /various_models_tests.ipynb
[W 11:46:28.190 NotebookApp] Notebook various_models_tests.ipynb is not trusted
[I 12:02:27.475 NotebookApp] Saving file at /various_models_tests.ipynb
[W 12:02:27.476 NotebookApp] Notebook various_models_tests.ipynb is not trusted
[I 12:04:28.141 NotebookApp] Saving file at /various_models_tests.ipynb
[W 12:04:28.141 NotebookApp] Notebook various_models_tests.ipynb is not trusted
[I 12:06:27.462 NotebookApp] Saving file at /various_models_tests.ipynb
[W 12:06:27.463 NotebookApp] Notebook various_models_tests.ipynb is not trusted
[I 12:08:27.464 NotebookApp] Saving file at /various_models_tests.ipynb
[W 12:08:27.464 NotebookApp] Notebook various_models_tests.ipynb is not trusted
[I 12:10:27.457 NotebookApp] Saving file at /various_models_tests.ipynb
[W 12:10:27.458 NotebookApp] Notebook various_models_tests.ipynb is not trusted
[I 12:12:27.457 NotebookApp] Saving file at /various_models_tests.ipynb
[W 12:12:27.457 NotebookApp] Notebook various_models_tests.ipynb is not trusted
[I 12:14:27.461 NotebookApp] Saving file at /various_models_tests.ipynb
[W 12:14:27.462 NotebookApp] Notebook various_models_tests.ipynb is not trusted
[I 12:16:27.464 NotebookApp] Saving file at /various_models_tests.ipynb
[W 12:16:27.464 NotebookApp] Notebook various_models_tests.ipynb is not trusted
[I 12:18:27.467 NotebookApp] Saving file at /various_models_tests.ipynb
[W 12:18:27.467 NotebookApp] Notebook various_models_tests.ipynb is not trusted
[I 12:22:27.466 NotebookApp] Saving file at /various_models_tests.ipynb
[W 12:22:27.467 NotebookApp] Notebook various_models_tests.ipynb is not trusted
[I 12:23:06.722 NotebookApp] Creating new notebook in 
[I 12:23:08.644 NotebookApp] Kernel started: 508f7dc0-a796-4b32-bf5b-2d87e3dcb59d, name: python3
[I 12:25:09.128 NotebookApp] Saving file at /Untitled.ipynb
[I 12:27:08.627 NotebookApp] Saving file at /Untitled.ipynb
[I 12:28:28.132 NotebookApp] Saving file at /various_models_tests.ipynb
[W 12:28:28.132 NotebookApp] Notebook various_models_tests.ipynb is not trusted
[I 12:29:08.619 NotebookApp] Saving file at /Untitled.ipynb
[I 12:31:08.624 NotebookApp] Saving file at /Untitled.ipynb
[I 12:33:08.623 NotebookApp] Saving file at /Untitled.ipynb
[I 12:35:08.620 NotebookApp] Saving file at /Untitled.ipynb
[I 12:37:08.630 NotebookApp] Saving file at /Untitled.ipynb
[I 12:47:08.642 NotebookApp] Saving file at /Untitled.ipynb
[I 12:49:09.113 NotebookApp] Saving file at /Untitled.ipynb
[I 12:51:08.615 NotebookApp] Saving file at /Untitled.ipynb
[I 12:53:08.615 NotebookApp] Saving file at /Untitled.ipynb
[I 12:57:09.123 NotebookApp] Saving file at /Untitled.ipynb
[I 12:59:08.627 NotebookApp] Saving file at /Untitled.ipynb
[I 13:01:08.628 NotebookApp] Saving file at /Untitled.ipynb
[I 13:02:27.474 NotebookApp] Saving file at /various_models_tests.ipynb
[W 13:02:27.474 NotebookApp] Notebook various_models_tests.ipynb is not trusted
[I 13:04:27.461 NotebookApp] Saving file at /various_models_tests.ipynb
[W 13:04:27.462 NotebookApp] Notebook various_models_tests.ipynb is not trusted
[I 13:06:27.472 NotebookApp] Saving file at /various_models_tests.ipynb
[W 13:06:27.473 NotebookApp] Notebook various_models_tests.ipynb is not trusted
[I 13:08:27.491 NotebookApp] Saving file at /various_models_tests.ipynb
[W 13:08:27.492 NotebookApp] Notebook various_models_tests.ipynb is not trusted
[I 13:10:27.465 NotebookApp] Saving file at /various_models_tests.ipynb
[W 13:10:27.465 NotebookApp] Notebook various_models_tests.ipynb is not trusted
[I 13:16:27.461 NotebookApp] Saving file at /various_models_tests.ipynb
[W 13:16:27.462 NotebookApp] Notebook various_models_tests.ipynb is not trusted
[I 13:18:27.458 NotebookApp] Saving file at /various_models_tests.ipynb
[W 13:18:27.458 NotebookApp] Notebook various_models_tests.ipynb is not trusted
[I 13:19:09.130 NotebookApp] Saving file at /Untitled.ipynb
[I 13:24:28.130 NotebookApp] Saving file at /various_models_tests.ipynb
[W 13:24:28.130 NotebookApp] Notebook various_models_tests.ipynb is not trusted
[I 13:25:08.618 NotebookApp] Saving file at /Untitled.ipynb
[I 13:26:28.139 NotebookApp] Saving file at /various_models_tests.ipynb
[W 13:26:28.140 NotebookApp] Notebook various_models_tests.ipynb is not trusted
[I 13:27:08.623 NotebookApp] Saving file at /Untitled.ipynb
[I 13:29:08.618 NotebookApp] Saving file at /Untitled.ipynb
[I 13:42:27.471 NotebookApp] Saving file at /various_models_tests.ipynb
[W 13:42:27.471 NotebookApp] Notebook various_models_tests.ipynb is not trusted
[I 13:44:27.457 NotebookApp] Saving file at /various_models_tests.ipynb
[W 13:44:27.458 NotebookApp] Notebook various_models_tests.ipynb is not trusted
[I 13:45:08.619 NotebookApp] Saving file at /Untitled.ipynb
[I 13:47:08.631 NotebookApp] Saving file at /Untitled.ipynb
[I 13:49:08.634 NotebookApp] Saving file at /Untitled.ipynb
[I 13:51:08.614 NotebookApp] Saving file at /Untitled.ipynb
[I 13:53:08.619 NotebookApp] Saving file at /Untitled.ipynb
[I 13:59:08.624 NotebookApp] Saving file at /Untitled.ipynb
[I 14:09:09.122 NotebookApp] Saving file at /Untitled.ipynb
[I 14:12:27.463 NotebookApp] Saving file at /various_models_tests.ipynb
[W 14:12:27.463 NotebookApp] Notebook various_models_tests.ipynb is not trusted
[I 14:14:27.471 NotebookApp] Saving file at /various_models_tests.ipynb
[W 14:14:27.471 NotebookApp] Notebook various_models_tests.ipynb is not trusted
[I 14:18:27.457 NotebookApp] Saving file at /various_models_tests.ipynb
[W 14:18:27.457 NotebookApp] Notebook various_models_tests.ipynb is not trusted
[I 14:19:09.123 NotebookApp] Saving file at /Untitled.ipynb
[I 14:20:27.456 NotebookApp] Saving file at /various_models_tests.ipynb
[W 14:20:27.456 NotebookApp] Notebook various_models_tests.ipynb is not trusted
[I 14:22:27.454 NotebookApp] Saving file at /various_models_tests.ipynb
[W 14:22:27.454 NotebookApp] Notebook various_models_tests.ipynb is not trusted
[I 14:25:08.630 NotebookApp] Saving file at /Untitled.ipynb
[I 14:27:08.617 NotebookApp] Saving file at /Random Forests.ipynb
[I 14:27:15.557 NotebookApp] Copying Random Forests.ipynb to 
[W 14:27:15.569 NotebookApp] Notebook Random Forests.ipynb is not trusted
[W 14:27:15.584 NotebookApp] Notebook Random Forests-Copy1.ipynb is not trusted
[W 14:27:17.560 NotebookApp] Notebook Random Forests-Copy1.ipynb is not trusted
[I 14:27:17.871 NotebookApp] Kernel started: 875c6571-04eb-4bc9-98e4-43c942594090, name: python3
[I 14:29:17.839 NotebookApp] Saving file at /Bagging Decision Tree.ipynb
[W 14:29:17.839 NotebookApp] Notebook Bagging Decision Tree.ipynb is not trusted
[I 14:31:17.838 NotebookApp] Saving file at /Extra Forest .ipynb
[W 14:31:17.838 NotebookApp] Notebook Extra Forest .ipynb is not trusted
[I 14:33:17.840 NotebookApp] Saving file at /Extra Forest .ipynb
[W 14:33:17.840 NotebookApp] Notebook Extra Forest .ipynb is not trusted
[I 14:35:18.130 NotebookApp] Saving file at /Extra Forest .ipynb
[W 14:35:18.131 NotebookApp] Notebook Extra Forest .ipynb is not trusted
[I 14:53:17.860 NotebookApp] Saving file at /Extra Forest .ipynb
[W 14:53:17.860 NotebookApp] Notebook Extra Forest .ipynb is not trusted
[I 14:55:17.849 NotebookApp] Saving file at /Extra Forest .ipynb
[I 15:01:08.634 NotebookApp] Saving file at /Random Forests.ipynb
[I 15:03:08.627 NotebookApp] Saving file at /Random Forests.ipynb
[I 15:05:08.628 NotebookApp] Saving file at /Random Forests.ipynb
[I 15:05:18.129 NotebookApp] Saving file at /Extra Forest .ipynb
[I 15:07:09.120 NotebookApp] Saving file at /Random Forests.ipynb
[I 15:07:18.118 NotebookApp] Saving file at /Extra Forest .ipynb
[I 15:09:09.130 NotebookApp] Saving file at /Random Forests.ipynb
[I 15:09:17.849 NotebookApp] Saving file at /Extra Forest .ipynb
[I 15:11:17.839 NotebookApp] Saving file at /Extra Forest .ipynb
[I 15:13:08.622 NotebookApp] Saving file at /Random Forests.ipynb
[I 15:13:18.128 NotebookApp] Saving file at /Extra Forest .ipynb
[I 15:15:09.124 NotebookApp] Saving file at /Random Forests.ipynb
[I 15:16:28.128 NotebookApp] Saving file at /various_models_tests.ipynb
[W 15:16:28.129 NotebookApp] Notebook various_models_tests.ipynb is not trusted
[I 15:17:18.121 NotebookApp] Saving file at /Extra Forest .ipynb
[I 15:22:24.623 NotebookApp] Saving file at /Extra Forest .ipynb
[I 15:22:24.681 NotebookApp] Copying Extra Forest .ipynb to 
[I 15:22:27.084 NotebookApp] Kernel started: e9d46bf1-94c4-45ea-bf85-fe04e6364887, name: python3
[I 15:24:27.083 NotebookApp] Saving file at /Bag-Logistic.ipynb
[I 15:26:27.125 NotebookApp] Saving file at /Bag-Logistic.ipynb
[I 15:31:18.119 NotebookApp] Saving file at /Extra Forest .ipynb
[I 15:32:27.127 NotebookApp] Saving file at /Bag-Logistic.ipynb
[I 15:33:08.642 NotebookApp] Saving file at /Random Forests.ipynb
[I 15:33:18.116 NotebookApp] Saving file at /Extra Forest .ipynb
[I 15:37:08.618 NotebookApp] Saving file at /Random Forests.ipynb
[I 15:37:18.135 NotebookApp] Saving file at /Extra Forest .ipynb
[I 15:38:27.085 NotebookApp] Saving file at /Bag-Logistic.ipynb
[I 15:39:09.119 NotebookApp] Saving file at /Random Forests.ipynb
[I 15:39:18.118 NotebookApp] Saving file at /Extra Forest .ipynb
[I 15:40:27.082 NotebookApp] Saving file at /Bag-Logistic.ipynb
[I 15:46:15.404 NotebookApp] Kernel interrupted: 875c6571-04eb-4bc9-98e4-43c942594090
[I 15:46:18.350 NotebookApp] Kernel interrupted: 508f7dc0-a796-4b32-bf5b-2d87e3dcb59d
[I 15:47:08.624 NotebookApp] Saving file at /Random Forests.ipynb
[I 15:47:18.115 NotebookApp] Saving file at /Extra Forest .ipynb
[I 15:49:09.117 NotebookApp] Saving file at /Random Forests.ipynb
[I 15:49:17.839 NotebookApp] Saving file at /Extra Forest .ipynb
[I 15:51:17.854 NotebookApp] Saving file at /Extra Forest .ipynb
[I 15:53:08.630 NotebookApp] Saving file at /Random Forests.ipynb
[I 15:53:18.128 NotebookApp] Saving file at /Extra Forest .ipynb
[I 15:55:08.628 NotebookApp] Saving file at /Random Forests.ipynb
[I 15:57:08.622 NotebookApp] Saving file at /Random Forests.ipynb
[I 15:59:08.617 NotebookApp] Saving file at /Random Forests.ipynb
[I 16:01:08.618 NotebookApp] Saving file at /Random Forests.ipynb
[I 16:03:08.633 NotebookApp] Saving file at /Random Forests.ipynb
[I 16:05:08.642 NotebookApp] Saving file at /Random Forests.ipynb
[I 16:05:18.128 NotebookApp] Saving file at /Extra Forest .ipynb
[I 16:07:09.128 NotebookApp] Saving file at /Random Forests.ipynb
[I 16:07:18.122 NotebookApp] Saving file at /Extra Forest .ipynb
[I 16:08:27.080 NotebookApp] Saving file at /Bag-Logistic.ipynb
[I 16:09:09.125 NotebookApp] Saving file at /Random Forests.ipynb
[I 16:09:18.119 NotebookApp] Saving file at /Extra Forest .ipynb
[I 16:10:27.074 NotebookApp] Saving file at /Bag-Logistic.ipynb
[I 16:11:58.718 NotebookApp] Kernel interrupted: e9d46bf1-94c4-45ea-bf85-fe04e6364887
[I 16:12:27.139 NotebookApp] Saving file at /Bag-Logistic.ipynb
[I 16:13:08.637 NotebookApp] Saving file at /Random Forests.ipynb
[I 16:14:27.117 NotebookApp] Saving file at /Bag-Logistic.ipynb
[I 16:15:09.116 NotebookApp] Saving file at /Random Forests.ipynb
[I 16:15:18.128 NotebookApp] Saving file at /Extra Forest .ipynb
[I 16:16:27.070 NotebookApp] Saving file at /Bag-Logistic.ipynb
[I 16:17:18.113 NotebookApp] Saving file at /Extra Forest .ipynb
[I 16:18:27.073 NotebookApp] Saving file at /Bag-Logistic.ipynb
[I 16:19:18.119 NotebookApp] Saving file at /Extra Forest .ipynb
[I 16:20:27.089 NotebookApp] Saving file at /Bag-Logistic.ipynb
[I 16:22:27.068 NotebookApp] Saving file at /Bag-Logistic.ipynb
[I 16:24:27.071 NotebookApp] Saving file at /Bag-Logistic.ipynb
[I 16:26:27.072 NotebookApp] Saving file at /Bag-Logistic.ipynb
[I 16:28:27.074 NotebookApp] Saving file at /Bag-Logistic.ipynb
[I 16:30:27.079 NotebookApp] Saving file at /Bag-Logistic.ipynb
[I 16:32:27.068 NotebookApp] Saving file at /Bag-Logistic.ipynb
[I 16:34:27.128 NotebookApp] Saving file at /Bag-Logistic.ipynb
[I 16:36:27.071 NotebookApp] Saving file at /Bag-Logistic.ipynb
[I 16:36:27.535 NotebookApp] Saving file at /various_models_tests.ipynb
[W 16:36:27.536 NotebookApp] Notebook various_models_tests.ipynb is not trusted
[I 16:38:27.481 NotebookApp] Saving file at /various_models_tests.ipynb
[W 16:38:27.482 NotebookApp] Notebook various_models_tests.ipynb is not trusted
[I 16:39:08.631 NotebookApp] Saving file at /Random Forests.ipynb
[I 16:40:27.454 NotebookApp] Saving file at /various_models_tests.ipynb
[W 16:40:27.454 NotebookApp] Notebook various_models_tests.ipynb is not trusted
[I 16:41:09.141 NotebookApp] Saving file at /Random Forests.ipynb
[I 16:44:27.093 NotebookApp] Saving file at /Bag-Logistic.ipynb
[I 16:44:48.387 NotebookApp] Copying Bag-Logistic.ipynb to 
[I 16:44:52.068 NotebookApp] Kernel started: 39ed7246-4c5c-4666-a8a5-fe037eeb99fa, name: python3
[I 16:46:27.083 NotebookApp] Saving file at /Bag-Logistic.ipynb
[I 16:47:08.619 NotebookApp] Saving file at /Random Forests.ipynb
[I 16:48:27.114 NotebookApp] Saving file at /Bag-Logistic.ipynb
[I 16:50:27.466 NotebookApp] Saving file at /various_models_tests.ipynb
[W 16:50:27.467 NotebookApp] Notebook various_models_tests.ipynb is not trusted
[I 16:52:27.128 NotebookApp] Saving file at /Bag-Logistic.ipynb
[I 16:52:52.264 NotebookApp] Saving file at /Bayesean.ipynb
[I 16:54:27.116 NotebookApp] Saving file at /Bag-Logistic.ipynb
[I 16:54:52.118 NotebookApp] Saving file at /Bayesean.ipynb
[I 16:56:51.991 NotebookApp] Saving file at /Bayesean.ipynb
[I 16:58:52.146 NotebookApp] Saving file at /Bayesean.ipynb
[I 17:00:51.986 NotebookApp] Saving file at /Bayesean.ipynb
[I 17:02:51.985 NotebookApp] Saving file at /Bayesean.ipynb
[I 17:04:52.134 NotebookApp] Saving file at /Bayesean.ipynb
[I 17:14:51.997 NotebookApp] Saving file at /Bayesean.ipynb
[I 17:16:51.991 NotebookApp] Saving file at /Bayesean.ipynb
[I 17:18:52.127 NotebookApp] Saving file at /Bayesean.ipynb
[I 17:20:27.122 NotebookApp] Saving file at /Bag-Logistic.ipynb
[I 17:23:18.129 NotebookApp] Saving file at /Extra Forest .ipynb
[I 17:24:52.002 NotebookApp] Saving file at /Bayesean.ipynb
[I 17:26:52.005 NotebookApp] Saving file at /Bayesean.ipynb
[I 17:31:17.838 NotebookApp] Saving file at /Extra Forest .ipynb
[I 17:33:17.838 NotebookApp] Saving file at /Extra Forest .ipynb
[I 17:35:17.851 NotebookApp] Saving file at /Extra Forest .ipynb
[I 17:37:17.842 NotebookApp] Saving file at /Extra Forest .ipynb
[I 17:39:17.855 NotebookApp] Saving file at /Extra Forest .ipynb
[I 17:41:17.839 NotebookApp] Saving file at /Extra Forest .ipynb
[I 17:43:17.838 NotebookApp] Saving file at /Extra Forest .ipynb
[I 17:45:17.840 NotebookApp] Saving file at /Extra Forest .ipynb
[I 17:47:17.844 NotebookApp] Saving file at /Extra Forest .ipynb
[I 17:49:17.853 NotebookApp] Saving file at /Extra Forest .ipynb
[I 17:51:17.836 NotebookApp] Saving file at /Extra Forest .ipynb
[I 17:53:18.129 NotebookApp] Saving file at /Extra Forest .ipynb
[I 17:54:32.585 NotebookApp] Saving file at /Extra Forest .ipynb
[I 17:54:37.268 NotebookApp] Saving file at /Random Forests.ipynb
[I 17:54:39.730 NotebookApp] Saving file at /Bag-Logistic.ipynb
[I 17:54:42.298 NotebookApp] Saving file at /Bayesean.ipynb
[I 17:54:47.341 NotebookApp] Starting buffering for 39ed7246-4c5c-4666-a8a5-fe037eeb99fa:21168afaab8743a48b399cec739e3868
[I 17:54:47.341 NotebookApp] Starting buffering for e9d46bf1-94c4-45ea-bf85-fe04e6364887:8b2d9d543b9747f48abead259b148202
[I 17:54:47.341 NotebookApp] Starting buffering for 508f7dc0-a796-4b32-bf5b-2d87e3dcb59d:42824caab5d64fb19bd8b3e49f7a63ab
[I 17:54:47.341 NotebookApp] Starting buffering for 875c6571-04eb-4bc9-98e4-43c942594090:d3df7f869a4645a5861acb26447e2c3d
[I 17:54:47.341 NotebookApp] Starting buffering for c1fa4223-4082-4028-b67e-6af48bf3bbc9:7a625e40b02140f9ab753f45c763fcae
[I 18:32:31.438 NotebookApp] Restoring connection for 875c6571-04eb-4bc9-98e4-43c942594090:d3df7f869a4645a5861acb26447e2c3d
[I 18:32:31.454 NotebookApp] Restoring connection for e9d46bf1-94c4-45ea-bf85-fe04e6364887:8b2d9d543b9747f48abead259b148202
[I 18:32:31.486 NotebookApp] Restoring connection for c1fa4223-4082-4028-b67e-6af48bf3bbc9:7a625e40b02140f9ab753f45c763fcae
[I 18:32:31.502 NotebookApp] Restoring connection for 508f7dc0-a796-4b32-bf5b-2d87e3dcb59d:42824caab5d64fb19bd8b3e49f7a63ab
[I 18:32:31.527 NotebookApp] Restoring connection for 39ed7246-4c5c-4666-a8a5-fe037eeb99fa:21168afaab8743a48b399cec739e3868
[I 18:33:17.838 NotebookApp] Saving file at /Extra Forest .ipynb
[I 18:35:18.111 NotebookApp] Saving file at /Extra Forest .ipynb
[I 18:43:17.830 NotebookApp] Saving file at /Extra Forest .ipynb
[I 18:45:17.841 NotebookApp] Saving file at /Extra Forest .ipynb
[I 18:47:17.827 NotebookApp] Saving file at /Extra Forest .ipynb
[I 18:49:17.831 NotebookApp] Saving file at /Extra Forest .ipynb
[I 18:51:17.843 NotebookApp] Saving file at /Extra Forest .ipynb
[I 18:53:17.836 NotebookApp] Saving file at /Extra Forest .ipynb
[I 18:55:17.831 NotebookApp] Saving file at /Extra Forest .ipynb
[I 18:57:17.839 NotebookApp] Saving file at /Extra Forest .ipynb
[I 18:59:17.827 NotebookApp] Saving file at /Extra Forest .ipynb
[I 19:01:17.836 NotebookApp] Saving file at /Extra Forest .ipynb
[I 19:03:17.837 NotebookApp] Saving file at /Extra Forest .ipynb
[I 19:05:17.827 NotebookApp] Saving file at /Extra Forest .ipynb
[I 19:07:17.826 NotebookApp] Saving file at /Extra Forest .ipynb
[I 19:08:27.070 NotebookApp] Saving file at /Bag-Logistic.ipynb
[I 19:09:09.115 NotebookApp] Saving file at /Random Forests.ipynb
[I 19:10:27.152 NotebookApp] Saving file at /Bag-Logistic.ipynb
[I 19:11:17.841 NotebookApp] Saving file at /Extra Forest .ipynb
[I 19:12:27.065 NotebookApp] Saving file at /Bag-Logistic.ipynb
[I 19:13:18.112 NotebookApp] Saving file at /Extra Forest .ipynb
[I 19:14:27.125 NotebookApp] Saving file at /Bag-Logistic.ipynb
[I 19:17:17.852 NotebookApp] Saving file at /Extra Forest .ipynb
[I 19:19:18.109 NotebookApp] Saving file at /Extra Forest .ipynb
[I 19:21:08.622 NotebookApp] Saving file at /Random Forests.ipynb
[I 19:21:18.128 NotebookApp] Saving file at /Extra Forest .ipynb
[I 19:23:09.120 NotebookApp] Saving file at /Random Forests.ipynb
[I 19:23:18.114 NotebookApp] Saving file at /Extra Forest .ipynb
[I 19:24:51.988 NotebookApp] Saving file at /Bayesean.ipynb
[I 19:26:51.985 NotebookApp] Saving file at /Bayesean.ipynb
[I 19:27:35.813 NotebookApp] Saving file at /Bayesean.ipynb
[I 19:28:51.986 NotebookApp] Saving file at /Bayesean.ipynb
[I 19:29:15.775 NotebookApp] Starting buffering for 39ed7246-4c5c-4666-a8a5-fe037eeb99fa:21168afaab8743a48b399cec739e3868
[I 19:29:15.775 NotebookApp] Starting buffering for c1fa4223-4082-4028-b67e-6af48bf3bbc9:7a625e40b02140f9ab753f45c763fcae
[I 19:29:15.775 NotebookApp] Starting buffering for 508f7dc0-a796-4b32-bf5b-2d87e3dcb59d:42824caab5d64fb19bd8b3e49f7a63ab
[I 19:29:15.775 NotebookApp] Starting buffering for e9d46bf1-94c4-45ea-bf85-fe04e6364887:8b2d9d543b9747f48abead259b148202
[I 19:29:15.775 NotebookApp] Starting buffering for 875c6571-04eb-4bc9-98e4-43c942594090:d3df7f869a4645a5861acb26447e2c3d
[I 19:37:46.396 NotebookApp] Restoring connection for 39ed7246-4c5c-4666-a8a5-fe037eeb99fa:21168afaab8743a48b399cec739e3868
[I 19:37:46.420 NotebookApp] Restoring connection for e9d46bf1-94c4-45ea-bf85-fe04e6364887:8b2d9d543b9747f48abead259b148202
[I 19:37:46.436 NotebookApp] Restoring connection for 508f7dc0-a796-4b32-bf5b-2d87e3dcb59d:42824caab5d64fb19bd8b3e49f7a63ab
[I 19:37:46.468 NotebookApp] Restoring connection for 875c6571-04eb-4bc9-98e4-43c942594090:d3df7f869a4645a5861acb26447e2c3d
[I 19:37:46.492 NotebookApp] Restoring connection for c1fa4223-4082-4028-b67e-6af48bf3bbc9:7a625e40b02140f9ab753f45c763fcae
[I 19:38:51.973 NotebookApp] Saving file at /Bayesean.ipynb
[I 19:40:52.163 NotebookApp] Saving file at /Bayesean.ipynb
[I 19:41:18.160 NotebookApp] Saving file at /Extra Forest .ipynb
[I 19:42:52.001 NotebookApp] Saving file at /Bayesean.ipynb
[I 19:44:51.999 NotebookApp] Saving file at /Bayesean.ipynb
[I 19:46:52.142 NotebookApp] Saving file at /Bayesean.ipynb
[I 19:47:15.252 NotebookApp] Saving file at /Extra Forest .ipynb
[I 19:47:17.932 NotebookApp] Saving file at /Bag-Logistic.ipynb
[I 19:47:21.397 NotebookApp] Saving file at /Bayesean.ipynb
[I 19:47:26.678 NotebookApp] Saving file at /Random Forests.ipynb
[I 19:47:42.345 NotebookApp] Starting buffering for 875c6571-04eb-4bc9-98e4-43c942594090:d3df7f869a4645a5861acb26447e2c3d
[I 19:47:42.346 NotebookApp] Starting buffering for e9d46bf1-94c4-45ea-bf85-fe04e6364887:8b2d9d543b9747f48abead259b148202
[I 19:47:42.347 NotebookApp] Starting buffering for 39ed7246-4c5c-4666-a8a5-fe037eeb99fa:21168afaab8743a48b399cec739e3868
[I 19:47:42.348 NotebookApp] Starting buffering for c1fa4223-4082-4028-b67e-6af48bf3bbc9:7a625e40b02140f9ab753f45c763fcae
[I 19:47:42.348 NotebookApp] Starting buffering for 508f7dc0-a796-4b32-bf5b-2d87e3dcb59d:42824caab5d64fb19bd8b3e49f7a63ab
[W 19:48:31.985 NotebookApp] Notebook various_models_tests.ipynb is not trusted
[W 19:48:32.045 NotebookApp] Notebook Random Forests.ipynb is not trusted
[I 19:48:37.289 NotebookApp] Copying Bag-Logistic.ipynb to 
[I 19:48:41.654 NotebookApp] Kernel started: 808f66c2-8c84-4398-ab1a-13154df6f8e2, name: python3
[I 19:50:42.190 NotebookApp] Saving file at /Boost.ipynb
[I 19:52:41.594 NotebookApp] Saving file at /Boost.ipynb
[I 19:54:41.592 NotebookApp] Saving file at /Boost.ipynb
[I 19:56:41.590 NotebookApp] Saving file at /Boost.ipynb
[I 19:58:41.595 NotebookApp] Saving file at /Boost.ipynb
[I 20:00:41.591 NotebookApp] Saving file at /Boost.ipynb
[I 20:02:41.574 NotebookApp] Saving file at /Boost.ipynb
[I 20:04:41.594 NotebookApp] Saving file at /Boost.ipynb
[I 20:06:41.579 NotebookApp] Saving file at /Boost.ipynb
[I 20:08:41.595 NotebookApp] Saving file at /Boost.ipynb
[I 20:10:42.136 NotebookApp] Saving file at /Boost.ipynb
[I 20:14:42.130 NotebookApp] Saving file at /Boost.ipynb
[I 20:20:41.580 NotebookApp] Saving file at /Boost.ipynb
[I 20:22:41.581 NotebookApp] Saving file at /Boost.ipynb
[I 20:24:41.569 NotebookApp] Saving file at /Boost.ipynb
[I 20:26:41.605 NotebookApp] Saving file at /Boost.ipynb
[I 20:28:41.607 NotebookApp] Saving file at /Boost.ipynb
[I 20:32:41.585 NotebookApp] Saving file at /Boost.ipynb
[I 20:34:41.606 NotebookApp] Saving file at /Boost.ipynb
[I 20:36:41.599 NotebookApp] Saving file at /Boost.ipynb
[I 20:38:42.135 NotebookApp] Saving file at /Boost.ipynb
[I 20:40:41.604 NotebookApp] Saving file at /Boost.ipynb
[I 20:40:57.887 NotebookApp] Kernel interrupted: 808f66c2-8c84-4398-ab1a-13154df6f8e2
[I 20:42:41.586 NotebookApp] Saving file at /Boost.ipynb
[I 20:44:42.126 NotebookApp] Saving file at /Boost.ipynb
[I 20:46:41.595 NotebookApp] Saving file at /Boost.ipynb
[I 20:48:42.132 NotebookApp] Saving file at /Boost.ipynb
[I 20:50:41.576 NotebookApp] Saving file at /Boost.ipynb
[I 20:52:42.131 NotebookApp] Saving file at /Boost.ipynb
[I 20:56:41.567 NotebookApp] Saving file at /Boost.ipynb
[I 20:58:41.605 NotebookApp] Saving file at /Boost.ipynb
[I 21:00:42.122 NotebookApp] Saving file at /Boost.ipynb
[I 21:02:42.277 NotebookApp] Saving file at /Boost.ipynb
[I 21:04:41.576 NotebookApp] Saving file at /Boost.ipynb
[I 21:06:41.587 NotebookApp] Saving file at /Boost.ipynb
[I 21:08:42.102 NotebookApp] Saving file at /Boost.ipynb
[I 21:12:41.591 NotebookApp] Saving file at /Boost.ipynb
[I 21:14:42.124 NotebookApp] Saving file at /Boost.ipynb
[I 21:16:42.122 NotebookApp] Saving file at /Boost.ipynb
[I 21:22:26.919 NotebookApp] Saving file at /Extra Forest .ipynb
[I 21:24:27.103 NotebookApp] Saving file at /Extra Forest .ipynb
[I 21:26:27.112 NotebookApp] Saving file at /Extra Forest .ipynb
[I 21:26:41.571 NotebookApp] Saving file at /Boost.ipynb
[I 21:28:41.558 NotebookApp] Saving file at /Boost.ipynb
[I 21:30:41.574 NotebookApp] Saving file at /Boost.ipynb
[I 21:32:41.721 NotebookApp] Saving file at /Boost.ipynb
[I 21:34:41.563 NotebookApp] Saving file at /Boost.ipynb
[I 21:36:41.563 NotebookApp] Saving file at /Boost.ipynb
[I 21:38:41.562 NotebookApp] Saving file at /Boost.ipynb
[I 21:40:41.567 NotebookApp] Saving file at /Boost.ipynb
[I 21:42:41.574 NotebookApp] Saving file at /Boost.ipynb
[I 21:44:41.561 NotebookApp] Saving file at /Boost.ipynb
[I 21:46:42.094 NotebookApp] Saving file at /Boost.ipynb
[I 21:48:26.106 NotebookApp] Saving file at /Bag-Logistic.ipynb
[I 21:50:26.094 NotebookApp] Saving file at /Bag-Logistic.ipynb
[I 21:50:41.580 NotebookApp] Saving file at /Boost.ipynb
[I 21:52:26.108 NotebookApp] Saving file at /Bag-Logistic.ipynb
[I 21:52:42.095 NotebookApp] Saving file at /Boost.ipynb
[I 21:54:26.092 NotebookApp] Saving file at /Bag-Logistic.ipynb
[I 21:54:41.566 NotebookApp] Saving file at /Boost.ipynb
[I 21:56:41.569 NotebookApp] Saving file at /Boost.ipynb
[I 21:58:41.564 NotebookApp] Saving file at /Boost.ipynb
[I 22:00:41.561 NotebookApp] Saving file at /Boost.ipynb
[I 22:02:41.571 NotebookApp] Saving file at /Boost.ipynb
[I 22:06:41.564 NotebookApp] Saving file at /Boost.ipynb
[I 22:08:41.562 NotebookApp] Saving file at /Boost.ipynb
[I 22:10:41.559 NotebookApp] Saving file at /Boost.ipynb
[I 22:12:42.102 NotebookApp] Saving file at /Boost.ipynb
[I 22:14:41.571 NotebookApp] Saving file at /Boost.ipynb
[I 22:18:26.106 NotebookApp] Saving file at /Bag-Logistic.ipynb
[I 22:18:41.573 NotebookApp] Saving file at /Boost.ipynb
[I 22:20:26.100 NotebookApp] Saving file at /Bag-Logistic.ipynb
[I 22:20:41.564 NotebookApp] Saving file at /Boost.ipynb
[I 22:22:41.575 NotebookApp] Saving file at /Boost.ipynb
[I 22:24:41.560 NotebookApp] Saving file at /Boost.ipynb
[I 22:26:41.576 NotebookApp] Saving file at /Boost.ipynb
[I 22:28:41.573 NotebookApp] Saving file at /Boost.ipynb
[I 22:30:41.566 NotebookApp] Saving file at /Boost.ipynb
[I 22:32:41.561 NotebookApp] Saving file at /Boost.ipynb
[I 22:34:41.559 NotebookApp] Saving file at /Boost.ipynb
[I 22:36:41.569 NotebookApp] Saving file at /Boost.ipynb
[I 22:40:41.563 NotebookApp] Saving file at /Boost.ipynb
[I 22:42:41.563 NotebookApp] Saving file at /Boost.ipynb
[I 22:44:41.563 NotebookApp] Saving file at /Boost.ipynb
[I 22:46:41.571 NotebookApp] Saving file at /Boost.ipynb
[I 22:48:17.929 NotebookApp] Saving file at /Boost.ipynb
[I 22:48:41.561 NotebookApp] Saving file at /Boost.ipynb
[I 22:50:41.568 NotebookApp] Saving file at /Boost.ipynb
[I 22:52:41.589 NotebookApp] Saving file at /Boost.ipynb
[I 22:54:41.560 NotebookApp] Saving file at /Boost.ipynb
[I 22:56:41.572 NotebookApp] Saving file at /Boost.ipynb
[I 22:59:37.480 NotebookApp] Saving file at /Extra Forest .ipynb
[I 23:00:26.914 NotebookApp] Saving file at /Extra Forest .ipynb
[I 23:02:26.903 NotebookApp] Saving file at /Extra Forest .ipynb
[I 23:02:42.101 NotebookApp] Saving file at /Boost.ipynb
[I 23:04:26.903 NotebookApp] Saving file at /Extra Forest .ipynb
[I 23:06:26.906 NotebookApp] Saving file at /Extra Forest .ipynb
[I 23:08:25.627 NotebookApp] Saving file at /Bag-Logistic.ipynb
[I 23:08:27.102 NotebookApp] Saving file at /Extra Forest .ipynb
[I 23:10:25.626 NotebookApp] Saving file at /Bag-Logistic.ipynb
[I 23:10:27.093 NotebookApp] Saving file at /Extra Forest .ipynb
[I 23:12:26.100 NotebookApp] Saving file at /Bag-Logistic.ipynb
[I 23:14:26.908 NotebookApp] Saving file at /Extra Forest .ipynb
[I 23:16:41.561 NotebookApp] Saving file at /Boost.ipynb
[I 23:18:41.561 NotebookApp] Saving file at /Boost.ipynb
[I 23:20:41.574 NotebookApp] Saving file at /Boost.ipynb
[I 23:22:41.569 NotebookApp] Saving file at /Boost.ipynb
[I 23:24:41.581 NotebookApp] Saving file at /Boost.ipynb
[I 23:26:42.094 NotebookApp] Saving file at /Boost.ipynb
[I 23:28:41.563 NotebookApp] Saving file at /Boost.ipynb
[I 23:30:41.560 NotebookApp] Saving file at /Boost.ipynb
[I 23:32:41.566 NotebookApp] Saving file at /Boost.ipynb
[I 23:34:41.564 NotebookApp] Saving file at /Boost.ipynb
[I 23:36:41.573 NotebookApp] Saving file at /Boost.ipynb
[I 23:38:42.103 NotebookApp] Saving file at /Boost.ipynb
[I 23:40:41.580 NotebookApp] Saving file at /Boost.ipynb
[I 23:42:41.560 NotebookApp] Saving file at /Boost.ipynb
[I 23:44:42.114 NotebookApp] Saving file at /Boost.ipynb
[I 23:45:02.887 NotebookApp] Saving file at /Extra Forest .ipynb
[I 23:45:05.093 NotebookApp] Saving file at /Bag-Logistic.ipynb
[I 23:45:07.439 NotebookApp] Saving file at /Bayesean.ipynb
[I 23:45:09.338 NotebookApp] Saving file at /Boost.ipynb
[I 23:46:32.986 NotebookApp] Saving file at /Random Forests.ipynb
[W 23:46:32.986 NotebookApp] Notebook Random Forests.ipynb is not trusted
[I 23:46:42.103 NotebookApp] Saving file at /Boost.ipynb
[I 23:48:32.987 NotebookApp] Saving file at /Random Forests.ipynb
[W 23:48:32.988 NotebookApp] Notebook Random Forests.ipynb is not trusted
[I 23:48:42.096 NotebookApp] Saving file at /Boost.ipynb
[I 23:50:41.562 NotebookApp] Saving file at /Boost.ipynb
[I 23:52:41.570 NotebookApp] Saving file at /Boost.ipynb
[W 23:55:26.406 NotebookApp] Notebook build_features_1st_draft.ipynb is not trusted
[I 23:55:26.880 NotebookApp] Kernel started: 4e962df1-c060-439f-867e-5432a4064e1c, name: python3
[I 23:56:41.567 NotebookApp] Saving file at /Boost.ipynb
[I 23:58:41.569 NotebookApp] Saving file at /Boost.ipynb
[I 00:00:41.563 NotebookApp] Saving file at /Boost.ipynb
[I 00:02:41.569 NotebookApp] Saving file at /Boost.ipynb
[I 00:04:41.565 NotebookApp] Saving file at /Boost.ipynb
[I 00:06:41.569 NotebookApp] Saving file at /Boost.ipynb
[I 00:08:26.175 NotebookApp] Saving file at /Boost.ipynb
[I 00:08:33.147 NotebookApp] Starting buffering for 808f66c2-8c84-4398-ab1a-13154df6f8e2:06123404c75143db9efdc3b9484a3074
[I 00:08:34.236 NotebookApp] Kernel restarted: 808f66c2-8c84-4398-ab1a-13154df6f8e2
[I 00:08:34.250 NotebookApp] Restoring connection for 808f66c2-8c84-4398-ab1a-13154df6f8e2:06123404c75143db9efdc3b9484a3074
[I 00:08:36.370 NotebookApp] Replaying 3 buffered messages
[I 00:08:41.565 NotebookApp] Saving file at /Boost.ipynb
[I 00:10:41.569 NotebookApp] Saving file at /Boost.ipynb
[I 00:12:41.573 NotebookApp] Saving file at /Boost.ipynb
[I 00:14:41.573 NotebookApp] Saving file at /Boost.ipynb
[I 00:16:41.595 NotebookApp] Saving file at /Boost.ipynb
[I 00:18:41.577 NotebookApp] Saving file at /Boost.ipynb
[I 00:20:41.569 NotebookApp] Saving file at /Boost.ipynb
[I 00:22:41.584 NotebookApp] Saving file at /Boost.ipynb
[I 00:24:41.587 NotebookApp] Saving file at /Boost.ipynb
[I 00:26:41.590 NotebookApp] Saving file at /Boost.ipynb
[I 00:28:41.571 NotebookApp] Saving file at /Boost.ipynb
